@ImportResource	D:\Mahir\detecting-metadata-bugs\dataset\all_projects\jetty-springmvc-jsp-template	D:\Mahir\detecting-metadata-bugs\dataset\all_projects\jetty-springmvc-jsp-template\src\main\java\config\MvcConfiguration.java
@ImportResource	D:\Mahir\detecting-metadata-bugs\dataset\all_projects\GHANA-National	D:\Mahir\detecting-metadata-bugs\dataset\all_projects\GHANA-National\ghana-national-xforms\src\main\java\org\motechproject\ghana\national\logger\configuration\BackgroundJobLoggerConfiguration.java
@ImportResource	D:\Mahir\detecting-metadata-bugs\dataset\all_projects\github-cla-integration	D:\Mahir\detecting-metadata-bugs\dataset\all_projects\github-cla-integration\src\main\java\com\gopivotal\cla\security\SecurityConfiguration.java
@ImportResource	D:\Mahir\detecting-metadata-bugs\dataset\all_projects\jobsnearyou	D:\Mahir\detecting-metadata-bugs\dataset\all_projects\jobsnearyou\src\main\java\com\jobsnearyou\config\SecurityConfig.java
@ImportResource	D:\Mahir\detecting-metadata-bugs\dataset\all_projects\dfr	D:\Mahir\detecting-metadata-bugs\dataset\all_projects\dfr\dfr-sync\src\main\java\org\duraspace\dfr\sync\config\AppConfig.java
@ImportResource	D:\Mahir\detecting-metadata-bugs\dataset\all_projects\e4ds-template	D:\Mahir\detecting-metadata-bugs\dataset\all_projects\e4ds-template\src\main\java\ch\rasc\e4ds\config\SecurityConfig.java
@ImportResource	D:\Mahir\detecting-metadata-bugs\dataset\all_projects\WeVan	D:\Mahir\detecting-metadata-bugs\dataset\all_projects\WeVan\src\main\java\com\cspinformatique\wevan\config\SecurityConfig.java
@ImportResource	D:\Mahir\detecting-metadata-bugs\dataset\all_projects\ai-project-server	D:\Mahir\detecting-metadata-bugs\dataset\all_projects\ai-project-server\src\main\java\ai\server\config\MvcConfiguration.java
@ImportResource	D:\Mahir\detecting-metadata-bugs\dataset\all_projects\SpringProjTemplate	D:\Mahir\detecting-metadata-bugs\dataset\all_projects\SpringProjTemplate\src\SpringTemplate\src\main\java\com\pne\arch\config\SecurityConfig.java
@ImportResource	D:\Mahir\detecting-metadata-bugs\dataset\all_projects\jrecruiter	D:\Mahir\detecting-metadata-bugs\dataset\all_projects\jrecruiter\src\main\java\org\jrecruiter\spring\MainContextConfiguration.java
@ImportResource	D:\Mahir\detecting-metadata-bugs\dataset\all_projects\ju	D:\Mahir\detecting-metadata-bugs\dataset\all_projects\ju\ju-dbutil-test\src\test\java\ch\inftec\ju\db\auth\AbstractAuthBaseDbTest.java
@ImportResource	D:\Mahir\detecting-metadata-bugs\dataset\all_projects\CodeFish-Blog	D:\Mahir\detecting-metadata-bugs\dataset\all_projects\CodeFish-Blog\src\main\java\org\codefish\spring\configuration\RootConfig.java
ClassPathXmlApplicationContext	D:\Mahir\detecting-metadata-bugs\dataset\all_projects\extdirectspring	D:\Mahir\detecting-metadata-bugs\dataset\all_projects\extdirectspring\src\test\java\ch\ralscha\extdirectspring\util\MethodInfoCacheTest.java
ClassPathXmlApplicationContext	D:\Mahir\detecting-metadata-bugs\dataset\all_projects\hibernate-search-example	D:\Mahir\detecting-metadata-bugs\dataset\all_projects\hibernate-search-example\hibernate-search-hibernate\src\main\java\org\hibernate\search\hibernate\example\SearchManager.java
ClassPathXmlApplicationContext	D:\Mahir\detecting-metadata-bugs\dataset\all_projects\GHANA-National	D:\Mahir\detecting-metadata-bugs\dataset\all_projects\GHANA-National\ghana-national-tools\src\main\java\org\motechproject\ghana\national\tools\RecreateDB.java
ClassPathXmlApplicationContext	D:\Mahir\detecting-metadata-bugs\dataset\all_projects\appfuse	D:\Mahir\detecting-metadata-bugs\dataset\all_projects\appfuse\service\src\test\java\org\appfuse\service\impl\UserSecurityAdviceTest.java
ClassPathXmlApplicationContext	D:\Mahir\detecting-metadata-bugs\dataset\all_projects\ikube	D:\Mahir\detecting-metadata-bugs\dataset\all_projects\ikube\code\core\src\main\java\ikube\toolkit\ApplicationContextManager.java
ClassPathXmlApplicationContext	D:\Mahir\detecting-metadata-bugs\dataset\all_projects\DevStarter	D:\Mahir\detecting-metadata-bugs\dataset\all_projects\DevStarter\src\main\java\isep\rose\devstarter\web\UserController.java
ClassPathXmlApplicationContext	D:\Mahir\detecting-metadata-bugs\dataset\all_projects\kuali_rice	D:\Mahir\detecting-metadata-bugs\dataset\all_projects\kuali_rice\rice-framework\krad-it\src\test\java\org\kuali\rice\krad\service\impl\DictionaryValidationServiceImplTest.java
ClassPathXmlApplicationContext	D:\Mahir\detecting-metadata-bugs\dataset\all_projects\geomajas-project-client-gwt	D:\Mahir\detecting-metadata-bugs\dataset\all_projects\geomajas-project-client-gwt\client\src\test\java\org\geomajas\gwt\client\spatial\snapping\SnappingModeTest.java
ClassPathXmlApplicationContext	D:\Mahir\detecting-metadata-bugs\dataset\all_projects\groepI	D:\Mahir\detecting-metadata-bugs\dataset\all_projects\groepI\src\main\java\be\kdg\groepi\service\TripInstanceService.java
ClassPathXmlApplicationContext	D:\Mahir\detecting-metadata-bugs\dataset\all_projects\camel-cookbook-examples	D:\Mahir\detecting-metadata-bugs\dataset\all_projects\camel-cookbook-examples\01-structuring-routes\src\main\java\org\camelcookbook\structuringroutes\simplespring\SpringCamelApplication.java
ClassPathXmlApplicationContext	D:\Mahir\detecting-metadata-bugs\dataset\all_projects\sia	D:\Mahir\detecting-metadata-bugs\dataset\all_projects\sia\src\main\java\org\sysreg\sia\model\InitializeDatabase.java
ClassPathXmlApplicationContext	D:\Mahir\detecting-metadata-bugs\dataset\all_projects\AxonFramework	D:\Mahir\detecting-metadata-bugs\dataset\all_projects\AxonFramework\integrationtests\src\test\java\org\axonframework\integrationtests\eventsourcing\eventstore\benchmark\jdbc\JdbcEventStoreBenchmark.java
